[debug] [2022-03-12T17:41:28.195Z] ----------------------------------------------------------------------
[debug] [2022-03-12T17:41:28.196Z] Command:       C:\Program Files\nodejs\node.exe C:\Users\prana\AppData\Roaming\npm\node_modules\firebase-tools\lib\bin\firebase.js init
[debug] [2022-03-12T17:41:28.197Z] CLI Version:   10.2.2
[debug] [2022-03-12T17:41:28.197Z] Platform:      win32
[debug] [2022-03-12T17:41:28.197Z] Node Version:  v16.14.0
[debug] [2022-03-12T17:41:28.198Z] Time:          Sat Mar 12 2022 23:11:28 GMT+0530 (India Standard Time)
[debug] [2022-03-12T17:41:28.199Z] ----------------------------------------------------------------------
[debug] 
[debug] [2022-03-12T17:41:28.207Z] > command requires scopes: ["email","openid","https://www.googleapis.com/auth/cloudplatformprojects.readonly","https://www.googleapis.com/auth/firebase","https://www.googleapis.com/auth/cloud-platform"]
[debug] [2022-03-12T17:41:28.207Z] > authorizing via signed-in user (keyur00modh@gmail.com)
[info] 
     ######## #### ########  ######## ########     ###     ######  ########
     ##        ##  ##     ## ##       ##     ##  ##   ##  ##       ##
     ######    ##  ########  ######   ########  #########  ######  ######
     ##        ##  ##    ##  ##       ##     ## ##     ##       ## ##
     ##       #### ##     ## ######## ########  ##     ##  ######  ########

You're about to initialize a Firebase project in this directory:

  C:\Users\prana\Downloads\node-express-firebase-main

[info] 
=== Project Setup
[info] 
[info] First, let's associate this project directory with a Firebase project.
[info] You can create multiple project aliases by running firebase use --add, 
[info] but for now we'll just set up a default project.
[info] 
[debug] [2022-03-12T17:41:55.495Z] >>> [apiv2][query] GET https://firebase.googleapis.com/v1beta1/projects pageSize=100
[debug] [2022-03-12T17:41:56.184Z] <<< [apiv2][status] GET https://firebase.googleapis.com/v1beta1/projects 200
[debug] [2022-03-12T17:41:56.184Z] <<< [apiv2][body] GET https://firebase.googleapis.com/v1beta1/projects [omitted]
